<?xml version="1.0" encoding="UTF-8"?>
<TestRun id="eb14673f-0b4e-4a24-84f5-bbe179aa8117" name="Administrator@AFOEA-606111052 2016-09-23 17:12:32" runUser="AFOEA-606111052\Administrator" xmlns="http://microsoft.com/schemas/VisualStudio/TeamTest/2010">
  <TestSettings name="本地" id="ab97d22b-1b6e-451d-a886-17122a02678c">
    <Description>这些设置为本地测试运行的默认测试设置。</Description>
    <Deployment enabled="false" runDeploymentRoot="Administrator_AFOEA-606111052 2016-09-23 17_12_32">
      <DeploymentItem filename="D:\g\outsource\inoutput\Bin\Component.dll" />
      <DeploymentItem filename="D:\g\outsource\inoutput\Bin\BusinessInterface.dll" />
    </Deployment>
    <Execution>
      <TestTypeSpecific />
      <AgentRule name="Execution Agents">
      </AgentRule>
    </Execution>
  </TestSettings>
  <Times creation="2016-09-23T17:12:32.7830374+08:00" queuing="2016-09-23T17:12:34.9072181+08:00" start="2016-09-23T17:12:35.0092243+08:00" finish="2016-09-23T17:12:50.8957526+08:00" />
  <ResultSummary outcome="Error">
    <Counters total="1" executed="1" error="0" failed="0" timeout="0" aborted="1" inconclusive="0" passedButRunAborted="0" notRunnable="0" notExecuted="0" disconnected="0" warning="0" passed="0" completed="0" inProgress="0" pending="0" />
    <RunInfos>
      <RunInfo computerName="AFOEA-606111052" outcome="Error" timestamp="2016-09-23T17:12:50.3655082+08:00">
        <Text>一个后台线程引发了异常: 
System.Runtime.InteropServices.InvalidComObjectException: 无法使用已经从其基础 RCW 中分离的 COM 对象。该 COM 对象还在另一个线程中使用时就被释放了。
   在 System.StubHelpers.StubHelpers.GetCOMIPFromRCW(Object objSrc, IntPtr pCPCMD, IntPtr&amp; ppTarget, Boolean&amp; pfNeedsRelease)
   在 Microsoft.Office.Interop.Excel.WorkbookClass.Close(Object SaveChanges, Object Filename, Object RouteWorkbook)
   在 Helper.ExcelHelper.Finalize() 位置 D:\g\outsource\inoutput\Helper\ExcelHelper.cs:行号 158</Text>
      </RunInfo>
    </RunInfos>
  </ResultSummary>
  <TestDefinitions>
    <UnitTest name="TestImportCitiesFromExcel" storage="d:\g\outsource\inoutput\bin\businesstest.dll" id="219c8e23-0836-2ffd-0a83-95646dd2dce0">
      <Execution id="d742ab74-3492-479d-8792-c0822f783f36" />
      <TestMethod codeBase="D:/g/outsource/inoutput/Bin/BusinessTest.DLL" adapterTypeName="Microsoft.VisualStudio.TestTools.TestTypes.Unit.UnitTestAdapter, Microsoft.VisualStudio.QualityTools.Tips.UnitTest.Adapter, Version=10.0.0.0, Culture=neutral, PublicKeyToken=b03f5f7f11d50a3a" className="ComponentTest.ImportBusinessTest, BusinessTest, Version=1.0.0.0, Culture=neutral, PublicKeyToken=null" name="TestImportCitiesFromExcel" />
    </UnitTest>
  </TestDefinitions>
  <TestLists>
    <TestList name="列表中未列出的结果" id="8c84fa94-04c1-424b-9868-57a2d4851a1d" />
    <TestList name="所有已加载的结果" id="19431567-8539-422a-85d7-44ee4e166bda" />
  </TestLists>
  <TestEntries>
    <TestEntry testId="219c8e23-0836-2ffd-0a83-95646dd2dce0" executionId="d742ab74-3492-479d-8792-c0822f783f36" testListId="8c84fa94-04c1-424b-9868-57a2d4851a1d" />
  </TestEntries>
  <Results>
    <UnitTestResult executionId="d742ab74-3492-479d-8792-c0822f783f36" testId="219c8e23-0836-2ffd-0a83-95646dd2dce0" testName="TestImportCitiesFromExcel" computerName="AFOEA-606111052" duration="00:00:07.8876572" startTime="2016-09-23T17:12:35.0592294+08:00" endTime="2016-09-23T17:12:42.9468866+08:00" testType="13cdc9d9-ddb5-4fa4-a97d-d965ccfc6d4b" outcome="Aborted" testListId="8c84fa94-04c1-424b-9868-57a2d4851a1d" relativeResultsDirectory="d742ab74-3492-479d-8792-c0822f783f36">
      <Output>
        <ErrorInfo>
          <Message>用户中止了测试运行。</Message>
        </ErrorInfo>
      </Output>
    </UnitTestResult>
  </Results>
</TestRun>