<?xml version="1.0" encoding="UTF-8"?>
<TestRun id="a1c77df3-0801-4a44-981d-fb0b5ac5d640" name="Administrator@AFOEA-606111052 2016-09-23 17:12:56" runUser="AFOEA-606111052\Administrator" xmlns="http://microsoft.com/schemas/VisualStudio/TeamTest/2010">
  <TestSettings name="本地" id="ab97d22b-1b6e-451d-a886-17122a02678c">
    <Description>这些设置为本地测试运行的默认测试设置。</Description>
    <Deployment enabled="false" runDeploymentRoot="Administrator_AFOEA-606111052 2016-09-23 17_12_56">
      <DeploymentItem filename="D:\g\outsource\inoutput\Bin\Component.dll" />
      <DeploymentItem filename="D:\g\outsource\inoutput\Bin\BusinessInterface.dll" />
    </Deployment>
    <Execution>
      <TestTypeSpecific />
      <AgentRule name="Execution Agents">
      </AgentRule>
    </Execution>
  </TestSettings>
  <Times creation="2016-09-23T17:12:56.2692063+08:00" queuing="2016-09-23T17:12:58.9334302+08:00" start="2016-09-23T17:12:59.1694507+08:00" finish="2016-09-23T17:14:39.3973126+08:00" />
  <ResultSummary outcome="Error">
    <Counters total="1" executed="1" error="0" failed="0" timeout="0" aborted="1" inconclusive="0" passedButRunAborted="0" notRunnable="0" notExecuted="0" disconnected="0" warning="0" passed="0" completed="0" inProgress="0" pending="0" />
    <RunInfos>
      <RunInfo computerName="AFOEA-606111052" outcome="Error" timestamp="2016-09-23T17:14:39.3853112+08:00">
        <Text>测试宿主进程意外退出。</Text>
      </RunInfo>
    </RunInfos>
  </ResultSummary>
  <TestDefinitions>
    <UnitTest name="TestImportCitiesFromExcel" storage="d:\g\outsource\inoutput\bin\businesstest.dll" id="219c8e23-0836-2ffd-0a83-95646dd2dce0">
      <Execution id="affc9b7d-c85d-4882-983e-db6ccb4f276b" />
      <TestMethod codeBase="D:/g/outsource/inoutput/Bin/BusinessTest.DLL" adapterTypeName="Microsoft.VisualStudio.TestTools.TestTypes.Unit.UnitTestAdapter, Microsoft.VisualStudio.QualityTools.Tips.UnitTest.Adapter, Version=10.0.0.0, Culture=neutral, PublicKeyToken=b03f5f7f11d50a3a" className="ComponentTest.ImportBusinessTest, BusinessTest, Version=1.0.0.0, Culture=neutral, PublicKeyToken=null" name="TestImportCitiesFromExcel" />
    </UnitTest>
  </TestDefinitions>
  <TestLists>
    <TestList name="列表中未列出的结果" id="8c84fa94-04c1-424b-9868-57a2d4851a1d" />
    <TestList name="所有已加载的结果" id="19431567-8539-422a-85d7-44ee4e166bda" />
  </TestLists>
  <TestEntries>
    <TestEntry testId="219c8e23-0836-2ffd-0a83-95646dd2dce0" executionId="affc9b7d-c85d-4882-983e-db6ccb4f276b" testListId="8c84fa94-04c1-424b-9868-57a2d4851a1d" />
  </TestEntries>
  <Results>
    <UnitTestResult executionId="affc9b7d-c85d-4882-983e-db6ccb4f276b" testId="219c8e23-0836-2ffd-0a83-95646dd2dce0" testName="TestImportCitiesFromExcel" computerName="AFOEA-606111052" duration="00:01:39.9738444" startTime="2016-09-23T17:12:59.4234682+08:00" endTime="2016-09-23T17:14:39.3973126+08:00" testType="13cdc9d9-ddb5-4fa4-a97d-d965ccfc6d4b" outcome="Aborted" testListId="8c84fa94-04c1-424b-9868-57a2d4851a1d" relativeResultsDirectory="affc9b7d-c85d-4882-983e-db6ccb4f276b">
    </UnitTestResult>
  </Results>
</TestRun>